{
  "RSpec": {
    "coverage": {
      "/home/roliva/workspace/rails/dynamic_model/lib/dynamic_model.rb": [
        null,
        null,
        null,
        1,
        5,
        null,
        null,
        null,
        1,
        1,
        1,
        1,
        1,
        1,
        1,
        null,
        null,
        1,
        1,
        3,
        null,
        null,
        null,
        null,
        null,
        1,
        0,
        0,
        0,
        null,
        null,
        null,
        null,
        null,
        1,
        1
      ],
      "/home/roliva/workspace/rails/dynamic_model/lib/dynamic_model/exception.rb": [
        1,
        1,
        null,
        null,
        null
      ],
      "/home/roliva/workspace/rails/dynamic_model/lib/dynamic_model/model.rb": [
        1,
        1,
        1,
        null,
        1,
        null,
        null,
        5,
        5,
        null,
        null,
        null,
        1,
        null,
        null,
        null,
        null,
        null,
        null,
        1,
        null,
        null,
        44,
        44,
        12,
        null,
        44,
        null,
        null,
        1,
        290,
        null,
        null,
        null,
        null,
        null,
        null,
        null,
        null,
        1,
        225,
        225,
        225,
        null,
        null,
        1,
        853,
        null,
        null,
        237,
        null,
        237,
        237,
        null,
        null,
        null,
        1,
        237,
        18,
        null,
        null,
        null,
        null,
        1,
        237,
        12,
        null,
        null,
        null,
        null,
        null,
        1,
        1,
        null,
        null,
        null,
        null,
        1,
        1,
        null,
        null,
        null,
        null,
        1,
        19,
        2,
        2,
        null,
        null,
        null,
        null,
        1,
        null,
        null,
        407,
        null,
        null,
        1,
        290,
        null,
        null,
        null,
        null,
        1,
        null,
        30,
        30,
        30,
        null,
        null,
        null,
        1,
        30,
        null,
        30,
        30,
        null,
        null,
        30,
        30,
        30,
        30,
        30,
        null,
        null,
        null,
        null,
        1,
        42,
        42,
        null,
        null,
        null,
        null,
        null,
        42,
        12,
        null,
        null,
        null,
        30,
        null,
        null,
        null,
        1,
        null,
        null,
        null,
        null
      ],
      "/home/roliva/workspace/rails/dynamic_model/lib/dynamic_model/attribute_concern.rb": [
        1,
        null,
        1,
        1,
        1,
        null,
        null,
        null,
        1,
        1,
        null,
        1,
        null,
        1,
        1,
        null,
        null,
        null,
        null,
        null,
        1,
        1,
        null,
        null,
        null,
        null,
        null,
        null,
        null,
        169,
        null,
        null,
        null,
        1,
        6,
        null,
        null,
        1,
        6,
        null,
        null,
        null,
        1,
        53,
        53,
        null,
        null,
        null,
        1,
        69,
        69,
        null,
        null,
        null,
        1,
        152,
        null,
        null,
        1,
        152,
        null,
        null,
        null,
        1,
        null,
        null,
        null,
        null,
        null,
        null,
        null,
        223,
        null,
        null,
        null,
        1,
        0,
        0,
        null,
        null,
        1,
        225,
        null,
        null,
        1,
        253,
        null,
        null,
        1,
        0,
        null,
        null,
        null
      ],
      "/home/roliva/workspace/rails/dynamic_model/lib/dynamic_model/value_concern.rb": [
        1,
        null,
        1,
        1,
        1,
        null,
        1,
        1,
        null,
        1,
        1,
        1,
        null,
        null,
        1,
        1,
        72,
        null,
        null,
        1,
        0,
        null,
        null,
        1,
        0,
        null,
        null,
        1,
        72,
        null,
        null,
        null,
        null,
        null
      ],
      "/home/roliva/workspace/rails/dynamic_model/lib/dynamic_model/type/base.rb": [
        1,
        1,
        1,
        null,
        null,
        null,
        null,
        1,
        0,
        0,
        null,
        null,
        1,
        null,
        1,
        null,
        53,
        null,
        null,
        null,
        1,
        69,
        null,
        null,
        null,
        null,
        null,
        null,
        null,
        1,
        null,
        null,
        25,
        25,
        25,
        null,
        null,
        null,
        null,
        null
      ],
      "/home/roliva/workspace/rails/dynamic_model/lib/dynamic_model/type/string.rb": [
        1,
        1,
        1,
        null,
        1,
        null,
        null,
        null,
        null
      ],
      "/home/roliva/workspace/rails/dynamic_model/lib/dynamic_model/type/boolean.rb": [
        1,
        1,
        1,
        null,
        1,
        null,
        1,
        null,
        null,
        null,
        null,
        null,
        1,
        null,
        null,
        5,
        null,
        5,
        5,
        null,
        null,
        null,
        null,
        null
      ],
      "/home/roliva/workspace/rails/dynamic_model/lib/dynamic_model/type/integer.rb": [
        1,
        1,
        1,
        null,
        1,
        null,
        null,
        null,
        null
      ],
      "/home/roliva/workspace/rails/dynamic_model/lib/dynamic_model/type/float.rb": [
        1,
        1,
        1,
        null,
        1,
        null,
        null,
        null,
        null
      ],
      "/home/roliva/workspace/rails/dynamic_model/lib/dynamic_model/type/date.rb": [
        1,
        1,
        1,
        null,
        1,
        null,
        null,
        null,
        null
      ],
      "/home/roliva/workspace/rails/dynamic_model/lib/dynamic_model/type/text.rb": [
        1,
        1,
        1,
        null,
        1,
        null,
        null,
        null,
        null
      ],
      "/home/roliva/workspace/rails/dynamic_model/lib/dynamic_model/frameworks/active_record.rb": [
        null,
        null,
        null,
        1,
        2,
        null
      ],
      "/home/roliva/workspace/rails/dynamic_model/lib/dynamic_model/frameworks/active_record/models/dynamic_model/value.rb": [
        1,
        null,
        1,
        1,
        1,
        1,
        1,
        null,
        null,
        null,
        null,
        null
      ],
      "/home/roliva/workspace/rails/dynamic_model/lib/dynamic_model/frameworks/active_record/models/dynamic_model/attribute.rb": [
        1,
        null,
        1,
        1,
        1,
        null,
        1,
        1,
        null,
        null,
        null,
        null,
        null
      ],
      "/home/roliva/workspace/rails/dynamic_model/lib/dynamic_model/frameworks/rspec.rb": [
        1,
        1,
        1,
        null,
        1,
        1,
        null,
        null,
        1,
        null,
        null,
        null
      ],
      "/home/roliva/workspace/rails/dynamic_model/lib/dynamic_model/frameworks/rspec/helpers.rb": [
        1,
        1,
        1,
        1,
        null,
        null,
        1,
        null,
        null,
        null,
        null
      ]
    },
    "timestamp": 1402579979
  }
}
